<?xml version="1.0" encoding="UTF-8"?>
<testsuite xmlns:xsi="http://www.w3.org/2001/XMLSchema-instance" xsi:noNamespaceSchemaLocation="https://maven.apache.org/surefire/maven-surefire-plugin/xsd/surefire-test-report-3.0.xsd" version="3.0" name="si413.spl.Lab08Test" time="0.096" tests="33" errors="0" skipped="0" failures="0">
  <properties>
    <property name="java.specification.version" value="21"/>
    <property name="sun.jnu.encoding" value="UTF-8"/>
    <property name="java.class.path" value="/home/mids/m256642/general/usna/si413/lab09/target/test-classes:/home/mids/m256642/general/usna/si413/lab09/target/classes:/home/mids/m256642/.m2/repository/org/antlr/antlr4-runtime/4.13.1/antlr4-runtime-4.13.1.jar:/home/mids/m256642/.m2/repository/org/antlr/antlr4/4.13.1/antlr4-4.13.1.jar:/home/mids/m256642/.m2/repository/org/antlr/antlr-runtime/3.5.3/antlr-runtime-3.5.3.jar:/home/mids/m256642/.m2/repository/org/antlr/ST4/4.3.4/ST4-4.3.4.jar:/home/mids/m256642/.m2/repository/org/abego/treelayout/org.abego.treelayout.core/1.0.3/org.abego.treelayout.core-1.0.3.jar:/home/mids/m256642/.m2/repository/com/ibm/icu/icu4j/72.1/icu4j-72.1.jar:/home/mids/m256642/.m2/repository/net/harawata/appdirs/1.2.2/appdirs-1.2.2.jar:/home/mids/m256642/.m2/repository/net/java/dev/jna/jna-platform/5.13.0/jna-platform-5.13.0.jar:/home/mids/m256642/.m2/repository/net/java/dev/jna/jna/5.13.0/jna-5.13.0.jar:/home/mids/m256642/.m2/repository/org/jline/jline/3.23.0/jline-3.23.0.jar:/home/mids/m256642/.m2/repository/org/junit/jupiter/junit-jupiter/5.10.0/junit-jupiter-5.10.0.jar:/home/mids/m256642/.m2/repository/org/junit/jupiter/junit-jupiter-api/5.10.0/junit-jupiter-api-5.10.0.jar:/home/mids/m256642/.m2/repository/org/opentest4j/opentest4j/1.3.0/opentest4j-1.3.0.jar:/home/mids/m256642/.m2/repository/org/junit/platform/junit-platform-commons/1.10.0/junit-platform-commons-1.10.0.jar:/home/mids/m256642/.m2/repository/org/junit/jupiter/junit-jupiter-params/5.10.0/junit-jupiter-params-5.10.0.jar:/home/mids/m256642/.m2/repository/org/junit/jupiter/junit-jupiter-engine/5.10.0/junit-jupiter-engine-5.10.0.jar:/home/mids/m256642/.m2/repository/org/junit/platform/junit-platform-launcher/1.10.0/junit-platform-launcher-1.10.0.jar:/home/mids/m256642/.m2/repository/org/junit/platform/junit-platform-engine/1.10.0/junit-platform-engine-1.10.0.jar:/home/mids/m256642/.m2/repository/org/apiguardian/apiguardian-api/1.1.2/apiguardian-api-1.1.2.jar:/home/mids/m256642/.m2/repository/net/sourceforge/argparse4j/argparse4j/0.9.0/argparse4j-0.9.0.jar:"/>
    <property name="java.vm.vendor" value="Ubuntu"/>
    <property name="sun.arch.data.model" value="64"/>
    <property name="java.vendor.url" value="https://ubuntu.com/"/>
    <property name="os.name" value="Linux"/>
    <property name="java.vm.specification.version" value="21"/>
    <property name="sun.java.launcher" value="SUN_STANDARD"/>
    <property name="sun.boot.library.path" value="/usr/lib/jvm/java-21-openjdk-amd64/lib"/>
    <property name="sun.java.command" value="/home/mids/m256642/general/usna/si413/lab09/target/surefire/surefirebooter-20241101103939609_3.jar /home/mids/m256642/general/usna/si413/lab09/target/surefire 2024-11-01T10-39-39_522-jvmRun1 surefire-20241101103939609_1tmp surefire_0-20241101103939609_2tmp"/>
    <property name="jdk.debug" value="release"/>
    <property name="test" value="Lab07Test,Lab08Test,Ex2Test,Ex3Test"/>
    <property name="surefire.test.class.path" value="/home/mids/m256642/general/usna/si413/lab09/target/test-classes:/home/mids/m256642/general/usna/si413/lab09/target/classes:/home/mids/m256642/.m2/repository/org/antlr/antlr4-runtime/4.13.1/antlr4-runtime-4.13.1.jar:/home/mids/m256642/.m2/repository/org/antlr/antlr4/4.13.1/antlr4-4.13.1.jar:/home/mids/m256642/.m2/repository/org/antlr/antlr-runtime/3.5.3/antlr-runtime-3.5.3.jar:/home/mids/m256642/.m2/repository/org/antlr/ST4/4.3.4/ST4-4.3.4.jar:/home/mids/m256642/.m2/repository/org/abego/treelayout/org.abego.treelayout.core/1.0.3/org.abego.treelayout.core-1.0.3.jar:/home/mids/m256642/.m2/repository/com/ibm/icu/icu4j/72.1/icu4j-72.1.jar:/home/mids/m256642/.m2/repository/net/harawata/appdirs/1.2.2/appdirs-1.2.2.jar:/home/mids/m256642/.m2/repository/net/java/dev/jna/jna-platform/5.13.0/jna-platform-5.13.0.jar:/home/mids/m256642/.m2/repository/net/java/dev/jna/jna/5.13.0/jna-5.13.0.jar:/home/mids/m256642/.m2/repository/org/jline/jline/3.23.0/jline-3.23.0.jar:/home/mids/m256642/.m2/repository/org/junit/jupiter/junit-jupiter/5.10.0/junit-jupiter-5.10.0.jar:/home/mids/m256642/.m2/repository/org/junit/jupiter/junit-jupiter-api/5.10.0/junit-jupiter-api-5.10.0.jar:/home/mids/m256642/.m2/repository/org/opentest4j/opentest4j/1.3.0/opentest4j-1.3.0.jar:/home/mids/m256642/.m2/repository/org/junit/platform/junit-platform-commons/1.10.0/junit-platform-commons-1.10.0.jar:/home/mids/m256642/.m2/repository/org/junit/jupiter/junit-jupiter-params/5.10.0/junit-jupiter-params-5.10.0.jar:/home/mids/m256642/.m2/repository/org/junit/jupiter/junit-jupiter-engine/5.10.0/junit-jupiter-engine-5.10.0.jar:/home/mids/m256642/.m2/repository/org/junit/platform/junit-platform-launcher/1.10.0/junit-platform-launcher-1.10.0.jar:/home/mids/m256642/.m2/repository/org/junit/platform/junit-platform-engine/1.10.0/junit-platform-engine-1.10.0.jar:/home/mids/m256642/.m2/repository/org/apiguardian/apiguardian-api/1.1.2/apiguardian-api-1.1.2.jar:/home/mids/m256642/.m2/repository/net/sourceforge/argparse4j/argparse4j/0.9.0/argparse4j-0.9.0.jar:"/>
    <property name="sun.cpu.endian" value="little"/>
    <property name="user.home" value="/home/mids/m256642"/>
    <property name="user.language" value="en"/>
    <property name="java.specification.vendor" value="Oracle Corporation"/>
    <property name="java.version.date" value="2024-07-16"/>
    <property name="java.home" value="/usr/lib/jvm/java-21-openjdk-amd64"/>
    <property name="file.separator" value="/"/>
    <property name="basedir" value="/home/mids/m256642/general/usna/si413/lab09"/>
    <property name="java.vm.compressedOopsMode" value="Zero based"/>
    <property name="line.separator" value="&#10;"/>
    <property name="java.vm.specification.vendor" value="Oracle Corporation"/>
    <property name="java.specification.name" value="Java Platform API Specification"/>
    <property name="surefire.real.class.path" value="/home/mids/m256642/general/usna/si413/lab09/target/surefire/surefirebooter-20241101103939609_3.jar"/>
    <property name="sun.management.compiler" value="HotSpot 64-Bit Tiered Compilers"/>
    <property name="java.runtime.version" value="21.0.4+7-Ubuntu-1ubuntu224.04"/>
    <property name="user.name" value="m256642"/>
    <property name="stdout.encoding" value="UTF-8"/>
    <property name="path.separator" value=":"/>
    <property name="os.version" value="6.8.0-48-generic"/>
    <property name="java.runtime.name" value="OpenJDK Runtime Environment"/>
    <property name="file.encoding" value="UTF-8"/>
    <property name="java.vm.name" value="OpenJDK 64-Bit Server VM"/>
    <property name="localRepository" value="/home/mids/m256642/.m2/repository"/>
    <property name="java.vendor.url.bug" value="https://bugs.launchpad.net/ubuntu/+source/openjdk-21"/>
    <property name="java.io.tmpdir" value="/tmp"/>
    <property name="java.version" value="21.0.4"/>
    <property name="user.dir" value="/home/mids/m256642/general/usna/si413/lab09"/>
    <property name="os.arch" value="amd64"/>
    <property name="java.vm.specification.name" value="Java Virtual Machine Specification"/>
    <property name="org.slf4j.simpleLogger.defaultLogLevel" value="error"/>
    <property name="native.encoding" value="UTF-8"/>
    <property name="java.library.path" value="/usr/java/packages/lib:/usr/lib/x86_64-linux-gnu/jni:/lib/x86_64-linux-gnu:/usr/lib/x86_64-linux-gnu:/usr/lib/jni:/lib:/usr/lib"/>
    <property name="stderr.encoding" value="UTF-8"/>
    <property name="java.vm.info" value="mixed mode, sharing"/>
    <property name="java.vendor" value="Ubuntu"/>
    <property name="java.vm.version" value="21.0.4+7-Ubuntu-1ubuntu224.04"/>
    <property name="sun.io.unicode.encoding" value="UnicodeLittle"/>
    <property name="java.class.version" value="65.0"/>
  </properties>
  <testcase name="expStmt1" classname="si413.spl.Lab08Test" time="0.002">
    <system-err><![CDATA[Test case expStmt1()...]]></system-err>
  </testcase>
  <testcase name="expStmt2" classname="si413.spl.Lab08Test" time="0.003">
    <system-err><![CDATA[passed!
Test case expStmt2()...]]></system-err>
  </testcase>
  <testcase name="expStmt3" classname="si413.spl.Lab08Test" time="0.003">
    <system-err><![CDATA[passed!
Test case expStmt3()...]]></system-err>
  </testcase>
  <testcase name="expStmt4" classname="si413.spl.Lab08Test" time="0.005">
    <system-err><![CDATA[passed!
Test case expStmt4()...]]></system-err>
  </testcase>
  <testcase name="lambdaNoExec" classname="si413.spl.Lab08Test" time="0.003">
    <system-err><![CDATA[passed!
Test case lambdaNoExec()...]]></system-err>
  </testcase>
  <testcase name="funRetScope" classname="si413.spl.Lab08Test" time="0.002">
    <system-err><![CDATA[passed!
Test case funRetScope()...]]></system-err>
  </testcase>
  <testcase name="funCallFun1" classname="si413.spl.Lab08Test" time="0.002">
    <system-err><![CDATA[passed!
Test case funCallFun1()...]]></system-err>
  </testcase>
  <testcase name="funCallFun2" classname="si413.spl.Lab08Test" time="0.002">
    <system-err><![CDATA[passed!
Test case funCallFun2()...]]></system-err>
  </testcase>
  <testcase name="funCallPow1" classname="si413.spl.Lab08Test" time="0.003">
    <system-err><![CDATA[passed!
Test case funCallPow1()...]]></system-err>
  </testcase>
  <testcase name="funCallPow2" classname="si413.spl.Lab08Test" time="0.004">
    <system-err><![CDATA[passed!
Test case funCallPow2()...]]></system-err>
  </testcase>
  <testcase name="twoFun" classname="si413.spl.Lab08Test" time="0.002">
    <system-err><![CDATA[passed!
Test case twoFun()...]]></system-err>
  </testcase>
  <testcase name="invalidFunCall" classname="si413.spl.Lab08Test" time="0.002">
    <system-err><![CDATA[passed!
Test case invalidFunCall()...]]></system-err>
  </testcase>
  <testcase name="axpbFun" classname="si413.spl.Lab08Test" time="0.003">
    <system-err><![CDATA[passed!
Test case axpbFun()...]]></system-err>
  </testcase>
  <testcase name="funLoop" classname="si413.spl.Lab08Test" time="0.003">
    <system-err><![CDATA[passed!
Test case funLoop()...]]></system-err>
  </testcase>
  <testcase name="expStmt1b" classname="si413.spl.Lab08Test" time="0.002">
    <system-err><![CDATA[passed!
Test case expStmt1b()...]]></system-err>
  </testcase>
  <testcase name="expStmt2b" classname="si413.spl.Lab08Test" time="0.002">
    <system-err><![CDATA[passed!
Test case expStmt2b()...]]></system-err>
  </testcase>
  <testcase name="expStmt3b" classname="si413.spl.Lab08Test" time="0.001">
    <system-err><![CDATA[passed!
Test case expStmt3b()...]]></system-err>
  </testcase>
  <testcase name="nestedAssign" classname="si413.spl.Lab08Test" time="0.001">
    <system-err><![CDATA[passed!
Test case nestedAssign()...]]></system-err>
  </testcase>
  <testcase name="prevNextFun" classname="si413.spl.Lab08Test" time="0.002">
    <system-err><![CDATA[passed!
Test case prevNextFun()...]]></system-err>
  </testcase>
  <testcase name="deepNest" classname="si413.spl.Lab08Test" time="0.002">
    <system-err><![CDATA[passed!
Test case deepNest()...]]></system-err>
  </testcase>
  <testcase name="lambdaExpression" classname="si413.spl.Lab08Test" time="0.002">
    <system-err><![CDATA[passed!
Test case lambdaExpression()...]]></system-err>
  </testcase>
  <testcase name="nestedReassign" classname="si413.spl.Lab08Test" time="0.002">
    <system-err><![CDATA[passed!
Test case nestedReassign()...]]></system-err>
  </testcase>
  <testcase name="asnScopeError" classname="si413.spl.Lab08Test" time="0.002">
    <system-err><![CDATA[passed!
Test case asnScopeError()...]]></system-err>
  </testcase>
  <testcase name="funCallArg" classname="si413.spl.Lab08Test" time="0.002">
    <system-err><![CDATA[passed!
Test case funCallArg()...]]></system-err>
  </testcase>
  <testcase name="funCallRet" classname="si413.spl.Lab08Test" time="0.001">
    <system-err><![CDATA[passed!
Test case funCallRet()...]]></system-err>
  </testcase>
  <testcase name="outerInnerScope" classname="si413.spl.Lab08Test" time="0.002">
    <system-err><![CDATA[passed!
Test case outerInnerScope()...]]></system-err>
  </testcase>
  <testcase name="countDown" classname="si413.spl.Lab08Test" time="0.002">
    <system-err><![CDATA[passed!
Test case countDown()...]]></system-err>
  </testcase>
  <testcase name="funArgScope" classname="si413.spl.Lab08Test" time="0.001">
    <system-err><![CDATA[passed!
Test case funArgScope()...]]></system-err>
  </testcase>
  <testcase name="funScope" classname="si413.spl.Lab08Test" time="0.002">
    <system-err><![CDATA[passed!
Test case funScope()...]]></system-err>
  </testcase>
  <testcase name="basicFunCall" classname="si413.spl.Lab08Test" time="0.001">
    <system-err><![CDATA[passed!
Test case basicFunCall()...]]></system-err>
  </testcase>
  <testcase name="outOfScopeError" classname="si413.spl.Lab08Test" time="0.002">
    <system-err><![CDATA[passed!
Test case outOfScopeError()...]]></system-err>
  </testcase>
  <testcase name="ifScope" classname="si413.spl.Lab08Test" time="0.001">
    <system-err><![CDATA[passed!
Test case ifScope()...]]></system-err>
  </testcase>
  <testcase name="lambdaLoop" classname="si413.spl.Lab08Test" time="0.001">
    <system-err><![CDATA[passed!
Test case lambdaLoop()...]]></system-err>
  </testcase>
</testsuite>